mode: set
github.com/artziel/go-layouts/tests.go:31.75,35.37 2 1
github.com/artziel/go-layouts/tests.go:41.2,41.63 1 1
github.com/artziel/go-layouts/tests.go:47.2,47.35 1 1
github.com/artziel/go-layouts/tests.go:53.2,53.41 1 1
github.com/artziel/go-layouts/tests.go:59.2,59.35 1 1
github.com/artziel/go-layouts/tests.go:65.2,65.31 1 1
github.com/artziel/go-layouts/tests.go:71.2,71.31 1 1
github.com/artziel/go-layouts/tests.go:77.2,77.31 1 1
github.com/artziel/go-layouts/tests.go:83.2,83.37 1 1
github.com/artziel/go-layouts/tests.go:90.2,90.33 1 1
github.com/artziel/go-layouts/tests.go:35.37,40.3 1 0
github.com/artziel/go-layouts/tests.go:41.63,46.3 1 0
github.com/artziel/go-layouts/tests.go:47.35,52.3 1 0
github.com/artziel/go-layouts/tests.go:53.41,58.3 1 0
github.com/artziel/go-layouts/tests.go:59.35,64.3 1 0
github.com/artziel/go-layouts/tests.go:65.31,70.3 1 0
github.com/artziel/go-layouts/tests.go:71.31,76.3 1 0
github.com/artziel/go-layouts/tests.go:77.31,82.3 1 0
github.com/artziel/go-layouts/tests.go:83.37,88.3 1 0
github.com/artziel/go-layouts/tests.go:105.66,108.28 2 1
github.com/artziel/go-layouts/tests.go:114.2,114.40 1 1
github.com/artziel/go-layouts/tests.go:120.2,120.40 1 1
github.com/artziel/go-layouts/tests.go:126.2,126.36 1 1
github.com/artziel/go-layouts/tests.go:132.2,132.40 1 1
github.com/artziel/go-layouts/tests.go:138.2,138.30 1 1
github.com/artziel/go-layouts/tests.go:145.2,145.33 1 1
github.com/artziel/go-layouts/tests.go:108.28,113.3 1 0
github.com/artziel/go-layouts/tests.go:114.40,119.3 1 0
github.com/artziel/go-layouts/tests.go:120.40,125.3 1 0
github.com/artziel/go-layouts/tests.go:126.36,131.3 1 0
github.com/artziel/go-layouts/tests.go:132.40,137.3 1 0
github.com/artziel/go-layouts/tests.go:138.30,143.3 1 0
github.com/artziel/go-layouts/tests.go:151.57,152.27 1 1
github.com/artziel/go-layouts/tests.go:156.2,156.37 1 1
github.com/artziel/go-layouts/tests.go:162.2,162.14 1 0
github.com/artziel/go-layouts/tests.go:152.27,154.3 1 0
github.com/artziel/go-layouts/tests.go:156.37,157.15 1 1
github.com/artziel/go-layouts/tests.go:157.15,159.4 1 1
github.com/artziel/go-layouts/tests.go:173.60,174.27 1 1
github.com/artziel/go-layouts/tests.go:178.2,178.37 1 1
github.com/artziel/go-layouts/tests.go:184.2,184.14 1 0
github.com/artziel/go-layouts/tests.go:174.27,176.3 1 0
github.com/artziel/go-layouts/tests.go:178.37,179.15 1 1
github.com/artziel/go-layouts/tests.go:179.15,181.4 1 1
github.com/artziel/go-layouts/sample/main.go:20.13,27.16 4 0
github.com/artziel/go-layouts/sample/main.go:27.16,28.35 1 0
github.com/artziel/go-layouts/sample/main.go:28.35,30.4 1 0
github.com/artziel/go-layouts/sample/main.go:31.8,33.26 2 0
github.com/artziel/go-layouts/sample/main.go:33.26,36.4 2 0
github.com/artziel/go-layouts/excel.go:17.44,19.2 1 1
github.com/artziel/go-layouts/excel.go:21.58,25.36 3 1
github.com/artziel/go-layouts/excel.go:82.2,82.21 1 1
github.com/artziel/go-layouts/excel.go:86.2,86.12 1 0
github.com/artziel/go-layouts/excel.go:25.36,27.17 2 1
github.com/artziel/go-layouts/excel.go:27.17,30.20 3 1
github.com/artziel/go-layouts/excel.go:31.23,32.33 1 0
github.com/artziel/go-layouts/excel.go:59.24,60.60 1 1
github.com/artziel/go-layouts/excel.go:65.42,66.61 1 0
github.com/artziel/go-layouts/excel.go:71.80,72.57 1 1
github.com/artziel/go-layouts/excel.go:32.33,34.31 2 0
github.com/artziel/go-layouts/excel.go:34.31,35.58 1 0
github.com/artziel/go-layouts/excel.go:36.27,37.59 1 0
github.com/artziel/go-layouts/excel.go:42.45,43.60 1 0
github.com/artziel/go-layouts/excel.go:48.83,49.56 1 0
github.com/artziel/go-layouts/excel.go:37.59,38.31 1 0
github.com/artziel/go-layouts/excel.go:38.31,40.10 1 0
github.com/artziel/go-layouts/excel.go:43.60,44.31 1 0
github.com/artziel/go-layouts/excel.go:44.31,46.10 1 0
github.com/artziel/go-layouts/excel.go:49.56,50.31 1 0
github.com/artziel/go-layouts/excel.go:50.31,52.10 1 0
github.com/artziel/go-layouts/excel.go:56.11,58.6 1 0
github.com/artziel/go-layouts/excel.go:60.60,61.28 1 1
github.com/artziel/go-layouts/excel.go:61.28,63.7 1 1
github.com/artziel/go-layouts/excel.go:66.61,67.28 1 0
github.com/artziel/go-layouts/excel.go:67.28,69.7 1 0
github.com/artziel/go-layouts/excel.go:72.57,73.28 1 1
github.com/artziel/go-layouts/excel.go:73.28,75.7 1 1
github.com/artziel/go-layouts/excel.go:82.21,84.3 1 1
github.com/artziel/go-layouts/excel.go:89.73,90.22 1 1
github.com/artziel/go-layouts/excel.go:94.2,98.43 3 1
github.com/artziel/go-layouts/excel.go:186.2,186.21 1 1
github.com/artziel/go-layouts/excel.go:190.2,190.12 1 1
github.com/artziel/go-layouts/excel.go:90.22,92.3 1 1
github.com/artziel/go-layouts/excel.go:98.43,101.17 3 1
github.com/artziel/go-layouts/excel.go:101.17,105.39 4 1
github.com/artziel/go-layouts/excel.go:105.39,109.21 2 1
github.com/artziel/go-layouts/excel.go:170.5,170.20 1 1
github.com/artziel/go-layouts/excel.go:110.24,111.34 1 0
github.com/artziel/go-layouts/excel.go:144.25,145.63 1 1
github.com/artziel/go-layouts/excel.go:152.43,153.64 1 0
github.com/artziel/go-layouts/excel.go:160.81,161.60 1 1
github.com/artziel/go-layouts/excel.go:111.34,113.32 2 0
github.com/artziel/go-layouts/excel.go:113.32,114.59 1 0
github.com/artziel/go-layouts/excel.go:115.28,116.62 1 0
github.com/artziel/go-layouts/excel.go:123.46,124.63 1 0
github.com/artziel/go-layouts/excel.go:131.84,132.59 1 0
github.com/artziel/go-layouts/excel.go:116.62,117.32 1 0
github.com/artziel/go-layouts/excel.go:117.32,119.11 1 0
github.com/artziel/go-layouts/excel.go:120.15,122.10 1 0
github.com/artziel/go-layouts/excel.go:124.63,125.32 1 0
github.com/artziel/go-layouts/excel.go:125.32,127.11 1 0
github.com/artziel/go-layouts/excel.go:128.15,130.10 1 0
github.com/artziel/go-layouts/excel.go:132.59,133.32 1 0
github.com/artziel/go-layouts/excel.go:133.32,135.11 1 0
github.com/artziel/go-layouts/excel.go:136.15,138.10 1 0
github.com/artziel/go-layouts/excel.go:141.12,143.7 1 0
github.com/artziel/go-layouts/excel.go:145.63,146.29 1 0
github.com/artziel/go-layouts/excel.go:146.29,148.8 1 0
github.com/artziel/go-layouts/excel.go:149.12,151.7 1 1
github.com/artziel/go-layouts/excel.go:153.64,154.29 1 0
github.com/artziel/go-layouts/excel.go:154.29,156.8 1 0
github.com/artziel/go-layouts/excel.go:157.12,159.7 1 0
github.com/artziel/go-layouts/excel.go:161.60,162.29 1 0
github.com/artziel/go-layouts/excel.go:162.29,164.8 1 0
github.com/artziel/go-layouts/excel.go:165.12,167.7 1 1
github.com/artziel/go-layouts/excel.go:170.20,171.53 1 1
github.com/artziel/go-layouts/excel.go:171.53,172.61 1 1
github.com/artziel/go-layouts/excel.go:172.61,174.8 1 1
github.com/artziel/go-layouts/excel.go:174.13,176.8 1 1
github.com/artziel/go-layouts/excel.go:177.12,179.7 1 1
github.com/artziel/go-layouts/excel.go:186.21,188.3 1 1
github.com/artziel/go-layouts/excel.go:193.76,204.16 7 1
github.com/artziel/go-layouts/excel.go:207.2,207.15 1 1
github.com/artziel/go-layouts/excel.go:210.2,212.22 2 1
github.com/artziel/go-layouts/excel.go:217.2,218.16 2 1
github.com/artziel/go-layouts/excel.go:221.2,221.27 1 1
github.com/artziel/go-layouts/excel.go:238.2,239.15 2 1
github.com/artziel/go-layouts/excel.go:242.2,242.12 1 1
github.com/artziel/go-layouts/excel.go:204.16,206.3 1 0
github.com/artziel/go-layouts/excel.go:207.15,209.3 1 1
github.com/artziel/go-layouts/excel.go:212.22,214.3 1 0
github.com/artziel/go-layouts/excel.go:218.16,220.3 1 0
github.com/artziel/go-layouts/excel.go:221.27,222.12 1 1
github.com/artziel/go-layouts/excel.go:222.12,225.58 2 1
github.com/artziel/go-layouts/excel.go:225.58,230.53 4 1
github.com/artziel/go-layouts/excel.go:234.5,234.38 1 1
github.com/artziel/go-layouts/excel.go:230.53,233.6 2 0
github.com/artziel/go-layouts/excel.go:239.15,241.3 1 0
github.com/artziel/go-layouts/layout.go:24.38,28.2 3 1
github.com/artziel/go-layouts/layout.go:30.35,34.2 3 0
github.com/artziel/go-layouts/layout.go:36.38,40.2 3 1
github.com/artziel/go-layouts/layout.go:42.46,43.19 1 1
github.com/artziel/go-layouts/layout.go:47.2,50.12 3 1
github.com/artziel/go-layouts/layout.go:43.19,45.3 1 0
github.com/artziel/go-layouts/layout.go:53.42,55.2 1 1
github.com/artziel/go-layouts/layout.go:57.70,59.32 1 0
github.com/artziel/go-layouts/layout.go:63.2,63.12 1 0
github.com/artziel/go-layouts/layout.go:59.32,61.3 1 0
github.com/artziel/go-layouts/layout.go:66.34,69.2 2 1
github.com/artziel/go-layouts/layout.go:71.38,80.2 2 1
github.com/artziel/go-layouts/parser.go:29.51,33.20 3 1
github.com/artziel/go-layouts/parser.go:37.2,39.13 3 1
github.com/artziel/go-layouts/parser.go:42.2,43.20 2 1
github.com/artziel/go-layouts/parser.go:47.2,48.13 2 1
github.com/artziel/go-layouts/parser.go:51.2,54.13 3 1
github.com/artziel/go-layouts/parser.go:57.2,58.19 2 1
github.com/artziel/go-layouts/parser.go:61.2,63.23 2 1
github.com/artziel/go-layouts/parser.go:67.2,67.28 1 1
github.com/artziel/go-layouts/parser.go:128.2,128.20 1 1
github.com/artziel/go-layouts/parser.go:134.2,134.51 1 1
github.com/artziel/go-layouts/parser.go:138.2,138.75 1 1
github.com/artziel/go-layouts/parser.go:142.2,142.16 1 1
github.com/artziel/go-layouts/parser.go:33.20,35.3 1 1
github.com/artziel/go-layouts/parser.go:39.13,41.3 1 0
github.com/artziel/go-layouts/parser.go:43.20,45.3 1 1
github.com/artziel/go-layouts/parser.go:48.13,50.3 1 0
github.com/artziel/go-layouts/parser.go:54.13,56.3 1 1
github.com/artziel/go-layouts/parser.go:58.19,60.3 1 1
github.com/artziel/go-layouts/parser.go:63.23,65.3 1 0
github.com/artziel/go-layouts/parser.go:67.28,71.20 4 1
github.com/artziel/go-layouts/parser.go:75.3,75.14 1 1
github.com/artziel/go-layouts/parser.go:71.20,73.4 1 1
github.com/artziel/go-layouts/parser.go:76.17,77.17 1 1
github.com/artziel/go-layouts/parser.go:80.4,80.59 1 1
github.com/artziel/go-layouts/parser.go:81.30,82.33 1 1
github.com/artziel/go-layouts/parser.go:83.16,84.17 1 1
github.com/artziel/go-layouts/parser.go:87.4,87.41 1 1
github.com/artziel/go-layouts/parser.go:88.16,89.19 1 1
github.com/artziel/go-layouts/parser.go:90.19,91.22 1 1
github.com/artziel/go-layouts/parser.go:92.14,93.17 1 1
github.com/artziel/go-layouts/parser.go:96.4,98.14 3 1
github.com/artziel/go-layouts/parser.go:99.14,100.17 1 1
github.com/artziel/go-layouts/parser.go:103.4,105.14 3 1
github.com/artziel/go-layouts/parser.go:106.20,107.17 1 1
github.com/artziel/go-layouts/parser.go:110.4,112.20 3 1
github.com/artziel/go-layouts/parser.go:113.20,114.17 1 1
github.com/artziel/go-layouts/parser.go:117.4,119.20 3 1
github.com/artziel/go-layouts/parser.go:120.14,121.17 1 1
github.com/artziel/go-layouts/parser.go:122.17,123.20 1 1
github.com/artziel/go-layouts/parser.go:77.17,79.5 1 1
github.com/artziel/go-layouts/parser.go:84.17,86.5 1 1
github.com/artziel/go-layouts/parser.go:93.17,95.5 1 1
github.com/artziel/go-layouts/parser.go:100.17,102.5 1 1
github.com/artziel/go-layouts/parser.go:107.17,109.5 1 0
github.com/artziel/go-layouts/parser.go:114.17,116.5 1 0
github.com/artziel/go-layouts/parser.go:128.20,129.53 1 1
github.com/artziel/go-layouts/parser.go:129.53,131.4 1 1
github.com/artziel/go-layouts/parser.go:134.51,136.3 1 1
github.com/artziel/go-layouts/parser.go:138.75,140.3 1 0
github.com/artziel/go-layouts/parser.go:145.67,148.38 3 1
github.com/artziel/go-layouts/parser.go:151.2,151.17 1 1
github.com/artziel/go-layouts/parser.go:154.2,154.17 1 1
github.com/artziel/go-layouts/parser.go:157.2,157.20 1 1
github.com/artziel/go-layouts/parser.go:185.2,185.21 1 1
github.com/artziel/go-layouts/parser.go:188.2,188.19 1 1
github.com/artziel/go-layouts/parser.go:148.38,150.3 1 1
github.com/artziel/go-layouts/parser.go:151.17,153.3 1 0
github.com/artziel/go-layouts/parser.go:154.17,156.3 1 0
github.com/artziel/go-layouts/parser.go:157.20,159.62 1 1
github.com/artziel/go-layouts/parser.go:162.3,162.62 1 1
github.com/artziel/go-layouts/parser.go:165.3,165.15 1 1
github.com/artziel/go-layouts/parser.go:170.3,170.17 1 1
github.com/artziel/go-layouts/parser.go:175.3,175.23 1 1
github.com/artziel/go-layouts/parser.go:159.62,161.4 1 1
github.com/artziel/go-layouts/parser.go:162.62,164.4 1 1
github.com/artziel/go-layouts/parser.go:165.15,166.56 1 1
github.com/artziel/go-layouts/parser.go:166.56,168.5 1 1
github.com/artziel/go-layouts/parser.go:170.17,171.54 1 1
github.com/artziel/go-layouts/parser.go:171.54,173.5 1 0
github.com/artziel/go-layouts/parser.go:175.23,177.18 2 1
github.com/artziel/go-layouts/parser.go:180.4,180.49 1 1
github.com/artziel/go-layouts/parser.go:177.18,179.5 1 0
github.com/artziel/go-layouts/parser.go:180.49,182.5 1 1
github.com/artziel/go-layouts/parser.go:185.21,187.3 1 1
github.com/artziel/go-layouts/parser.go:191.63,194.34 3 1
github.com/artziel/go-layouts/parser.go:199.2,199.23 1 1
github.com/artziel/go-layouts/parser.go:202.2,202.23 1 1
github.com/artziel/go-layouts/parser.go:206.2,207.16 2 1
github.com/artziel/go-layouts/parser.go:211.2,211.40 1 1
github.com/artziel/go-layouts/parser.go:214.2,214.40 1 1
github.com/artziel/go-layouts/parser.go:217.2,217.21 1 1
github.com/artziel/go-layouts/parser.go:220.2,220.24 1 1
github.com/artziel/go-layouts/parser.go:194.34,196.3 1 0
github.com/artziel/go-layouts/parser.go:196.8,196.42 1 1
github.com/artziel/go-layouts/parser.go:196.42,198.3 1 0
github.com/artziel/go-layouts/parser.go:199.23,201.3 1 0
github.com/artziel/go-layouts/parser.go:202.23,204.3 1 0
github.com/artziel/go-layouts/parser.go:207.16,210.3 2 0
github.com/artziel/go-layouts/parser.go:211.40,213.3 1 1
github.com/artziel/go-layouts/parser.go:214.40,216.3 1 1
github.com/artziel/go-layouts/parser.go:217.21,219.3 1 1
github.com/artziel/go-layouts/parser.go:223.69,226.34 3 0
github.com/artziel/go-layouts/parser.go:231.2,231.23 1 0
github.com/artziel/go-layouts/parser.go:234.2,234.23 1 0
github.com/artziel/go-layouts/parser.go:238.2,239.16 2 0
github.com/artziel/go-layouts/parser.go:243.2,243.35 1 0
github.com/artziel/go-layouts/parser.go:246.2,246.35 1 0
github.com/artziel/go-layouts/parser.go:250.2,250.21 1 0
github.com/artziel/go-layouts/parser.go:254.2,254.17 1 0
github.com/artziel/go-layouts/parser.go:226.34,228.3 1 0
github.com/artziel/go-layouts/parser.go:228.8,228.42 1 0
github.com/artziel/go-layouts/parser.go:228.42,230.3 1 0
github.com/artziel/go-layouts/parser.go:231.23,233.3 1 0
github.com/artziel/go-layouts/parser.go:234.23,236.3 1 0
github.com/artziel/go-layouts/parser.go:239.16,242.3 2 0
github.com/artziel/go-layouts/parser.go:243.35,245.3 1 0
github.com/artziel/go-layouts/parser.go:246.35,248.3 1 0
github.com/artziel/go-layouts/parser.go:250.21,252.3 1 0
